<?xml version="1.0" encoding="UTF-8"?>
<!-- Generated by org.testng.reporters.JUnitXMLReporter -->
<testsuite ignored="8" hostname="Jatin-Mezash-LPT" failures="0" tests="1" name="Default test" time="65.151" errors="0" timestamp="2025-06-11T22:56:06 IST">
  <testcase classname="CTA.AmityOnline.MainClass" name="Open_form_MBA_India_International" time="51.157"/>
  <testcase classname="CTA.AmityOnline.MainClass" name="BcaDownloadBrochure" time="0.0">
    <ignored/>
  </testcase> <!-- BcaDownloadBrochure -->
  <testcase classname="CTA.AmityOnline.MainClass" name="TakeInstantScholarshipTest" time="0.0">
    <ignored/>
  </testcase> <!-- TakeInstantScholarshipTest -->
  <testcase classname="CTA.AmityOnline.MainClass" name="BlueRFI" time="0.0">
    <ignored/>
  </testcase> <!-- BlueRFI -->
  <testcase classname="CTA.AmityOnline.MainClass" name="ApplyNow_Header" time="0.0">
    <ignored/>
  </testcase> <!-- ApplyNow_Header -->
  <testcase classname="CTA.AmityOnline.MainClass" name="enquireNow" time="0.0">
    <ignored/>
  </testcase> <!-- enquireNow -->
  <testcase classname="CTA.AmityOnline.MainClass" name="BCA_specialization" time="0.0">
    <ignored/>
  </testcase> <!-- BCA_specialization -->
  <testcase classname="CTA.AmityOnline.MainClass" name="ApplyNow_Herocart" time="0.0">
    <ignored/>
  </testcase> <!-- ApplyNow_Herocart -->
  <testcase classname="CTA.AmityOnline.MainClass" name="Download_Brochure_India_International" time="0.0">
    <ignored/>
  </testcase> <!-- Download_Brochure_India_International -->
</testsuite> <!-- Default test -->
